<?xml version="1.0" encoding="UTF-8"?>
<!-- Generated by org.testng.reporters.JUnitReportReporter -->
<testsuite name="test.Test3" tests="5" time="0.000" ignored="2" failures="0" timestamp="29 Jul 2018 07:03:57 GMT" skipped="0" hostname="BLR-LT-101238" errors="0">
  <testcase name="TEST1" time="0.000" classname="test.Test3"/>
  <testcase name="TEST4" time="0.000" classname="test.Test3"/>
  <testcase name="TEST2" time="0.000" classname="test.Test3"/>
  <testcase name="TEST3" time="0.000" classname="test.Test3"/>
  <testcase name="TEST5" time="0.000" classname="test.Test3"/>
  <testcase name="setUp" classname="test.BaseClass">
    <skipped/>
  </testcase> <!-- setUp -->
  <testcase name="tearDown" classname="test.BaseClass">
    <skipped/>
  </testcase> <!-- tearDown -->
</testsuite> <!-- test.Test3 -->
