<?xml version="1.0" encoding="UTF-8"?>
<!-- Generated by org.testng.reporters.JUnitReportReporter -->
<testsuite name="test.Test2" tests="5" time="0.016" ignored="2" failures="0" timestamp="29 Jul 2018 07:03:57 GMT" skipped="0" hostname="BLR-LT-101238" errors="0">
  <testcase name="T5" time="0.000" classname="test.Test2"/>
  <testcase name="T2" time="0.000" classname="test.Test2"/>
  <testcase name="T4" time="0.000" classname="test.Test2"/>
  <testcase name="T1" time="0.016" classname="test.Test2"/>
  <testcase name="T3" time="0.000" classname="test.Test2"/>
  <testcase name="setUp" classname="test.BaseClass">
    <skipped/>
  </testcase> <!-- setUp -->
  <testcase name="tearDown" classname="test.BaseClass">
    <skipped/>
  </testcase> <!-- tearDown -->
</testsuite> <!-- test.Test2 -->
